Training model: kernel_cosine_vertical
05:21:31 - INFO - Spinning up...
05:21:32 - INFO - Preparing data splits...
05:23:21 - INFO - Common domain constraints: maxradius=1, maxtimelag=6
05:23:21 - INFO - Training `kernel_cosine_vertical`...
05:23:40 - INFO -    Training samples: 21557214, Validation samples: 4308318
05:23:40 - INFO -    Training batches: 43115, Validation batches: 8617
wandb: Currently logged in as: savannahferretti (savannah-research) to https://api.wandb.ai. Use `wandb login --relogin` to force relogin
wandb: Tracking run with wandb version 0.21.1
wandb: Run data is saved locally in /global/cfs/cdirs/m4334/sferrett/monsoon-kernels/wandb/run-20260112_052340-7xr28n2w
wandb: Run `wandb offline` to turn off syncing.
wandb: Syncing run kernel_cosine_vertical
wandb: ⭐️ View project at https://wandb.ai/savannah-research/%20Integration%20Kernel%20Model%20Experiments
wandb: 🚀 View run at https://wandb.ai/savannah-research/%20Integration%20Kernel%20Model%20Experiments/runs/7xr28n2w
05:27:37 - INFO -    Epoch 1/20: train_loss=0.715877, valid_loss=0.591749, lr=5.00e-04
05:27:37 - INFO -    Timing: epoch=3.5min, data=0.2min (6%), compute=3.3min (94%)
05:31:29 - INFO -    Epoch 2/20: train_loss=0.697667, valid_loss=0.583155, lr=5.00e-04
05:31:29 - INFO -    Timing: epoch=3.5min, data=0.2min (6%), compute=3.3min (94%)
05:35:20 - INFO -    Epoch 3/20: train_loss=0.695159, valid_loss=0.581909, lr=5.00e-04
05:35:20 - INFO -    Timing: epoch=3.5min, data=0.2min (6%), compute=3.3min (94%)
05:39:15 - INFO -    Epoch 4/20: train_loss=0.693846, valid_loss=0.581885, lr=5.00e-04
05:39:15 - INFO -    Timing: epoch=3.5min, data=0.2min (6%), compute=3.3min (94%)
05:43:04 - INFO -    Epoch 5/20: train_loss=0.692916, valid_loss=0.582169, lr=5.00e-04
05:43:04 - INFO -    Timing: epoch=3.5min, data=0.2min (6%), compute=3.3min (94%)
05:46:56 - INFO -    Epoch 6/20: train_loss=0.692275, valid_loss=0.584975, lr=2.50e-04
05:46:56 - INFO -    Timing: epoch=3.5min, data=0.2min (6%), compute=3.3min (94%)
05:50:51 - INFO -    Epoch 7/20: train_loss=0.690281, valid_loss=0.581894, lr=2.50e-04
05:50:51 - INFO -    Timing: epoch=3.5min, data=0.2min (6%), compute=3.3min (94%)
05:54:41 - INFO -    Epoch 8/20: train_loss=0.689929, valid_loss=0.583239, lr=2.50e-04
05:54:41 - INFO -    Timing: epoch=3.5min, data=0.2min (6%), compute=3.3min (94%)
05:54:41 - INFO -    Training complete: duration=31.0min, best_epoch=4, best_loss=0.581885
05:54:41 - INFO -       Attempting to save kernel_cosine_vertical.pth...
05:54:42 - INFO -          File write successful
wandb:                                                                                
wandb: 
wandb: Run history:
wandb:           Epoch ▁▂▃▄▅▆▇█
wandb:   Learning rate █████▁▁▁
wandb:   Training loss █▃▂▂▂▂▁▁
wandb: Validation loss █▂▁▁▁▃▁▂
wandb: 
wandb: Run summary:
wandb: Best validation loss 0.58189
wandb:                Epoch 8
wandb:        Learning rate 0.00025
wandb:        Training loss 0.68993
wandb:      Validation loss 0.58324
wandb: 
wandb: 🚀 View run kernel_cosine_vertical at: https://wandb.ai/savannah-research/%20Integration%20Kernel%20Model%20Experiments/runs/7xr28n2w
wandb: ⭐️ View project at: https://wandb.ai/savannah-research/%20Integration%20Kernel%20Model%20Experiments
wandb: Synced 5 W&B file(s), 0 media file(s), 0 artifact file(s) and 0 other file(s)
wandb: Find logs at: ./wandb/run-20260112_052340-7xr28n2w/logs
